mode: atomic
github.com/leonelquinteros/thtml/build.go:10.14,16.16 3 0
github.com/leonelquinteros/thtml/build.go:21.2,22.16 2 0
github.com/leonelquinteros/thtml/build.go:16.16,18.3 1 0
github.com/leonelquinteros/thtml/build.go:22.16,24.3 1 0
github.com/leonelquinteros/thtml/main.go:104.13,114.2 8 1
github.com/leonelquinteros/thtml/main.go:116.13,119.22 2 0
github.com/leonelquinteros/thtml/main.go:130.2,130.12 1 0
github.com/leonelquinteros/thtml/main.go:135.2,135.10 1 0
github.com/leonelquinteros/thtml/main.go:119.22,127.3 7 0
github.com/leonelquinteros/thtml/main.go:130.12,132.3 1 0
github.com/leonelquinteros/thtml/main.go:135.10,137.3 1 0
github.com/leonelquinteros/thtml/server.go:20.73,22.15 1 4
github.com/leonelquinteros/thtml/server.go:38.2,41.58 2 4
github.com/leonelquinteros/thtml/server.go:22.15,23.35 1 4
github.com/leonelquinteros/thtml/server.go:34.3,34.48 1 4
github.com/leonelquinteros/thtml/server.go:23.35,31.4 4 0
github.com/leonelquinteros/thtml/server.go:41.58,47.17 3 3
github.com/leonelquinteros/thtml/server.go:52.3,54.17 3 3
github.com/leonelquinteros/thtml/server.go:57.3,61.14 3 3
github.com/leonelquinteros/thtml/server.go:79.3,79.19 1 3
github.com/leonelquinteros/thtml/server.go:47.17,49.4 1 0
github.com/leonelquinteros/thtml/server.go:54.17,56.4 1 0
github.com/leonelquinteros/thtml/server.go:62.16,63.62 1 3
github.com/leonelquinteros/thtml/server.go:65.14,66.75 1 0
github.com/leonelquinteros/thtml/server.go:68.15,69.61 1 0
github.com/leonelquinteros/thtml/server.go:71.15,72.66 1 0
github.com/leonelquinteros/thtml/server.go:74.11,75.67 1 0
github.com/leonelquinteros/thtml/server.go:80.3,82.3 1 1
github.com/leonelquinteros/thtml/server.go:86.50,90.57 2 4
github.com/leonelquinteros/thtml/server.go:100.2,100.10 1 4
github.com/leonelquinteros/thtml/server.go:90.57,91.69 1 3
github.com/leonelquinteros/thtml/server.go:91.69,93.4 1 1
github.com/leonelquinteros/thtml/server.go:93.4,93.81 1 2
github.com/leonelquinteros/thtml/server.go:93.81,95.4 1 0
github.com/leonelquinteros/thtml/server.go:95.4,95.82 1 2
github.com/leonelquinteros/thtml/server.go:95.82,97.4 1 1
github.com/leonelquinteros/thtml/server.go:103.18,120.2 4 0
